Using pre-set license
Built from '2021.3/staging' branch; Version is '2021.3.4f1 (cb45f9cae8b7) revision 13321721'; Using compiler version '192829333'; Build Type 'Release'
OS: 'Windows 10  (10.0.19044) 64bit CoreSingleLanguage' Language: 'ru' Physical Memory: 32547 MB
BatchMode: 1, IsHumanControllingUs: 0, StartBugReporterOnCrash: 0, Is64bit: 1, IsPro: 1

COMMAND LINE ARGUMENTS:
C:\zWork\UnityVersion\Unity 2021.3.4f1\Editor\Unity.exe
-adb2
-batchMode
-noUpm
-name
AssetImportWorker1
-projectPath
C:/zWork/UnityGitHub/Deep-Dive/Game
-logFile
Logs/AssetImportWorker1.log
-srvPort
56900
Successfully changed project path to: C:/zWork/UnityGitHub/Deep-Dive/Game
C:/zWork/UnityGitHub/Deep-Dive/Game
[UnityMemory] Configuration Parameters - Can be set up in boot.config
    "memorysetup-bucket-allocator-granularity=16"
    "memorysetup-bucket-allocator-bucket-count=8"
    "memorysetup-bucket-allocator-block-size=33554432"
    "memorysetup-bucket-allocator-block-count=8"
    "memorysetup-main-allocator-block-size=16777216"
    "memorysetup-thread-allocator-block-size=16777216"
    "memorysetup-gfx-main-allocator-block-size=16777216"
    "memorysetup-gfx-thread-allocator-block-size=16777216"
    "memorysetup-cache-allocator-block-size=4194304"
    "memorysetup-typetree-allocator-block-size=2097152"
    "memorysetup-profiler-bucket-allocator-granularity=16"
    "memorysetup-profiler-bucket-allocator-bucket-count=8"
    "memorysetup-profiler-bucket-allocator-block-size=33554432"
    "memorysetup-profiler-bucket-allocator-block-count=8"
    "memorysetup-profiler-allocator-block-size=16777216"
    "memorysetup-profiler-editor-allocator-block-size=1048576"
    "memorysetup-temp-allocator-size-main=16777216"
    "memorysetup-job-temp-allocator-block-size=2097152"
    "memorysetup-job-temp-allocator-block-size-background=1048576"
    "memorysetup-job-temp-allocator-reduction-small-platforms=262144"
    "memorysetup-temp-allocator-size-background-worker=32768"
    "memorysetup-temp-allocator-size-job-worker=262144"
    "memorysetup-temp-allocator-size-preload-manager=33554432"
    "memorysetup-temp-allocator-size-nav-mesh-worker=65536"
    "memorysetup-temp-allocator-size-audio-worker=65536"
    "memorysetup-temp-allocator-size-cloud-worker=32768"
    "memorysetup-temp-allocator-size-gi-baking-worker=262144"
    "memorysetup-temp-allocator-size-gfx=262144"
Refreshing native plugins compatible for Editor in 153.21 ms, found 4 plugins.
Preloading 0 native plugins for Editor in 0.00 ms.
Initialize engine version: 2021.3.4f1 (cb45f9cae8b7)
[Subsystems] Discovering subsystems at path C:/zWork/UnityVersion/Unity 2021.3.4f1/Editor/Data/Resources/UnitySubsystems
[Subsystems] Discovering subsystems at path C:/zWork/UnityGitHub/Deep-Dive/Game/Assets
GfxDevice: creating device client; threaded=0; jobified=0
Direct3D:
    Version:  Direct3D 11.0 [level 11.1]
    Renderer: NVIDIA GeForce RTX 3080 Laptop GPU (ID=0x24dc)
    Vendor:   NVIDIA
    VRAM:     8041 MB
    Driver:   31.0.15.1694
Initialize mono
Mono path[0] = 'C:/zWork/UnityVersion/Unity 2021.3.4f1/Editor/Data/Managed'
Mono path[1] = 'C:/zWork/UnityVersion/Unity 2021.3.4f1/Editor/Data/MonoBleedingEdge/lib/mono/unityjit-win32'
Mono config path = 'C:/zWork/UnityVersion/Unity 2021.3.4f1/Editor/Data/MonoBleedingEdge/etc'
Using monoOptions --debugger-agent=transport=dt_socket,embedding=1,server=y,suspend=n,address=127.0.0.1:56896
Begin MonoManager ReloadAssembly
Registering precompiled unity dll's ...
Register platform support module: C:/zWork/UnityVersion/Unity 2021.3.4f1/Editor/Data/PlaybackEngines/WebGLSupport/UnityEditor.WebGL.Extensions.dll
Register platform support module: C:/zWork/UnityVersion/Unity 2021.3.4f1/Editor/Data/PlaybackEngines/WindowsStandaloneSupport/UnityEditor.WindowsStandalone.Extensions.dll
Registered in 0.007646 seconds.
Native extension for WindowsStandalone target not found
Native extension for WebGL target not found
Refreshing native plugins compatible for Editor in 117.29 ms, found 4 plugins.
Preloading 0 native plugins for Editor in 0.00 ms.
Mono: successfully reloaded assembly
- Completed reload, in  0.720 seconds
Domain Reload Profiling:
	ReloadAssembly (720ms)
		BeginReloadAssembly (70ms)
			ExecutionOrderSort (0ms)
			DisableScriptedObjects (0ms)
			BackupInstance (0ms)
			ReleaseScriptingObjects (0ms)
			CreateAndSetChildDomain (1ms)
		EndReloadAssembly (521ms)
			LoadAssemblies (68ms)
			RebuildTransferFunctionScriptingTraits (0ms)
			SetupTypeCache (123ms)
			ReleaseScriptCaches (0ms)
			RebuildScriptCaches (31ms)
			SetupLoadedEditorAssemblies (311ms)
				LogAssemblyErrors (0ms)
				InitializePlatformSupportModulesInManaged (8ms)
				SetLoadedEditorAssemblies (0ms)
				RefreshPlugins (117ms)
				BeforeProcessingInitializeOnLoad (1ms)
				ProcessInitializeOnLoadAttributes (139ms)
				ProcessInitializeOnLoadMethodAttributes (44ms)
				AfterProcessingInitializeOnLoad (0ms)
				EditorAssembliesLoaded (0ms)
			ExecutionOrderSort2 (0ms)
			AwakeInstancesAfterBackupRestoration (0ms)
Platform modules already initialized, skipping
Registering precompiled user dll's ...
Registered in 0.009146 seconds.
Begin MonoManager ReloadAssembly
Symbol file LoadedFromMemory doesn't match image C:\zWork\UnityGitHub\Deep-Dive\Game\Library\PackageCache\com.unity.visualscripting@1.7.8\Editor\VisualScripting.Core\Dependencies\YamlDotNet\Unity.VisualScripting.YamlDotNet.dll
Symbol file LoadedFromMemory doesn't match image C:\zWork\UnityGitHub\Deep-Dive\Game\Library\PackageCache\com.unity.visualscripting@1.7.8\Editor\VisualScripting.Core\Dependencies\DotNetZip\Unity.VisualScripting.IonicZip.dll
Native extension for WindowsStandalone target not found
Native extension for WebGL target not found
Refreshing native plugins compatible for Editor in 150.91 ms, found 4 plugins.
Preloading 0 native plugins for Editor in 0.00 ms.
Mono: successfully reloaded assembly
- Completed reload, in  1.477 seconds
Domain Reload Profiling:
	ReloadAssembly (1478ms)
		BeginReloadAssembly (107ms)
			ExecutionOrderSort (0ms)
			DisableScriptedObjects (6ms)
			BackupInstance (0ms)
			ReleaseScriptingObjects (0ms)
			CreateAndSetChildDomain (21ms)
		EndReloadAssembly (1239ms)
			LoadAssemblies (90ms)
			RebuildTransferFunctionScriptingTraits (0ms)
			SetupTypeCache (282ms)
			ReleaseScriptCaches (1ms)
			RebuildScriptCaches (82ms)
			SetupLoadedEditorAssemblies (724ms)
				LogAssemblyErrors (0ms)
				InitializePlatformSupportModulesInManaged (5ms)
				SetLoadedEditorAssemblies (0ms)
				RefreshPlugins (151ms)
				BeforeProcessingInitializeOnLoad (150ms)
				ProcessInitializeOnLoadAttributes (321ms)
				ProcessInitializeOnLoadMethodAttributes (92ms)
				AfterProcessingInitializeOnLoad (6ms)
				EditorAssembliesLoaded (0ms)
			ExecutionOrderSort2 (0ms)
			AwakeInstancesAfterBackupRestoration (4ms)
Platform modules already initialized, skipping
========================================================================
Worker process is ready to serve import requests
Launched and connected shader compiler UnityShaderCompiler.exe after 0.04 seconds
Refreshing native plugins compatible for Editor in 1.56 ms, found 4 plugins.
Preloading 0 native plugins for Editor in 0.00 ms.
Unloading 5667 Unused Serialized files (Serialized files now loaded: 0)
Unloading 69 unused Assets / (1.1 MB). Loaded Objects now: 6134.
Memory consumption went from 235.0 MB to 233.9 MB.
Total: 5.917000 ms (FindLiveObjects: 0.633000 ms CreateObjectMapping: 0.584300 ms MarkObjects: 4.133000 ms  DeleteObjects: 0.564900 ms)

AssetImportParameters requested are different than current active one (requested -> active):
  custom:video-decoder-ogg-theora: a1e56fd34408186e4bbccfd4996cb3dc -> 
  custom:container-muxer-webm: aa71ff27fc2769a1b78a27578f13a17b -> 
  custom:container-demuxer-webm: 4f35f7cbe854078d1ac9338744f61a02 -> 
  custom:video-encoder-webm-vp8: eb34c28f22e8b96e1ab97ce403110664 -> 
  custom:audio-encoder-webm-vorbis: bf7c407c2cedff20999df2af8eb42d56 -> 
  custom:framework-win-MediaFoundation: 216162199b28c13a410421893ffa2e32 -> 
  custom:container-demuxer-ogg: 62fdf1f143b41e24485cea50d1cbac27 -> 
  custom:video-decoder-webm-vp8: 9c59270c3fd7afecdb556c50c9e8de78 -> 
  custom:audio-decoder-ogg-vorbis: bf7c407c2cedff20999df2af8eb42d56 -> 
========================================================================
Received Import Request.
  Time since last request: 90934.212311 seconds.
  path: Assets/_Presention/Audio
  artifactKey: Guid(dd3863427186f5648b62296ca380559e) Importer(815301076,1909f56bfc062723c751e8b465ee728b)
Start importing Assets/_Presention/Audio using Guid(dd3863427186f5648b62296ca380559e) Importer(815301076,1909f56bfc062723c751e8b465ee728b)  -> (artifact id: 'c39ae5d5a4d6d6da4ee514460c51ec4c') in 0.021822 seconds 
========================================================================
Received Import Request.
  Time since last request: 40.785411 seconds.
  path: Assets/_Presention/Sprite/green_-_2.png
  artifactKey: Guid(2cc5f2d9e1b9ca44e876a086a96f7fc7) Importer(815301076,1909f56bfc062723c751e8b465ee728b)
Start importing Assets/_Presention/Sprite/green_-_2.png using Guid(2cc5f2d9e1b9ca44e876a086a96f7fc7) Importer(815301076,1909f56bfc062723c751e8b465ee728b)  -> (artifact id: '08ca37bdd39aeed43c8bfcc4befaf3aa') in 0.152910 seconds 
========================================================================
Received Import Request.
  Time since last request: 0.000048 seconds.
  path: Assets/_Presention/Sprite/NewBrush.brush
  artifactKey: Guid(a917d3d21890e8b498b2a987137a1efe) Importer(815301076,1909f56bfc062723c751e8b465ee728b)
Start importing Assets/_Presention/Sprite/NewBrush.brush using Guid(a917d3d21890e8b498b2a987137a1efe) Importer(815301076,1909f56bfc062723c751e8b465ee728b)  -> (artifact id: 'b5794c1c33749d068809656351ca5560') in 0.041787 seconds 
========================================================================
Received Import Request.
  Time since last request: 0.000048 seconds.
  path: Assets/_Presention/Sprite/green_-_4.png
  artifactKey: Guid(2217721e27602304c81fa3fdd7d03a84) Importer(815301076,1909f56bfc062723c751e8b465ee728b)
Start importing Assets/_Presention/Sprite/green_-_4.png using Guid(2217721e27602304c81fa3fdd7d03a84) Importer(815301076,1909f56bfc062723c751e8b465ee728b)  -> (artifact id: '80e2b99adf2016ac113539df2a61dad7') in 0.071743 seconds 
========================================================================
Received Import Request.
  Time since last request: 30.110464 seconds.
  path: Assets/_Presention/Sprite/LVL/green - 3.png
  artifactKey: Guid(5966b4ce49afa434c9ffd68c3219424c) Importer(815301076,1909f56bfc062723c751e8b465ee728b)
Start importing Assets/_Presention/Sprite/LVL/green - 3.png using Guid(5966b4ce49afa434c9ffd68c3219424c) Importer(815301076,1909f56bfc062723c751e8b465ee728b)  -> (artifact id: '22c1d3179c2075f3e57dcc51f6bafb34') in 0.043482 seconds 
========================================================================
Received Import Request.
  Time since last request: 0.000028 seconds.
  path: Assets/_Presention/Sprite/LVL/station.png
  artifactKey: Guid(b6175dea5895f8b488b7d169ca3a1cd5) Importer(815301076,1909f56bfc062723c751e8b465ee728b)
Start importing Assets/_Presention/Sprite/LVL/station.png using Guid(b6175dea5895f8b488b7d169ca3a1cd5) Importer(815301076,1909f56bfc062723c751e8b465ee728b)  -> (artifact id: 'a50a7abcf29b0f46fca5e40ce4d967bc') in 0.099786 seconds 
========================================================================
Received Import Request.
  Time since last request: 24.819476 seconds.
  path: Assets/_Presention/Prefabs/Models/submarine_DefaultMaterial_MetallicSmoothness.png
  artifactKey: Guid(125b76603ca5ea742ae5a7bc10c5d857) Importer(815301076,1909f56bfc062723c751e8b465ee728b)
Start importing Assets/_Presention/Prefabs/Models/submarine_DefaultMaterial_MetallicSmoothness.png using Guid(125b76603ca5ea742ae5a7bc10c5d857) Importer(815301076,1909f56bfc062723c751e8b465ee728b)  -> (artifact id: '839551130d47dc42deb6537bc0fb55af') in 0.416218 seconds 
