Using pre-set license
Built from '2021.3/staging' branch; Version is '2021.3.4f1 (cb45f9cae8b7) revision 13321721'; Using compiler version '192829333'; Build Type 'Release'
OS: 'Windows 10  (10.0.19044) 64bit CoreSingleLanguage' Language: 'ru' Physical Memory: 32547 MB
BatchMode: 1, IsHumanControllingUs: 0, StartBugReporterOnCrash: 0, Is64bit: 1, IsPro: 1

COMMAND LINE ARGUMENTS:
C:\zWork\UnityVersion\Unity 2021.3.4f1\Editor\Unity.exe
-adb2
-batchMode
-noUpm
-name
AssetImportWorker0
-projectPath
C:/zWork/UnityGitHub/Deep-Dive/Game
-logFile
Logs/AssetImportWorker0.log
-srvPort
56900
Successfully changed project path to: C:/zWork/UnityGitHub/Deep-Dive/Game
C:/zWork/UnityGitHub/Deep-Dive/Game
[UnityMemory] Configuration Parameters - Can be set up in boot.config
    "memorysetup-bucket-allocator-granularity=16"
    "memorysetup-bucket-allocator-bucket-count=8"
    "memorysetup-bucket-allocator-block-size=33554432"
    "memorysetup-bucket-allocator-block-count=8"
    "memorysetup-main-allocator-block-size=16777216"
    "memorysetup-thread-allocator-block-size=16777216"
    "memorysetup-gfx-main-allocator-block-size=16777216"
    "memorysetup-gfx-thread-allocator-block-size=16777216"
    "memorysetup-cache-allocator-block-size=4194304"
    "memorysetup-typetree-allocator-block-size=2097152"
    "memorysetup-profiler-bucket-allocator-granularity=16"
    "memorysetup-profiler-bucket-allocator-bucket-count=8"
    "memorysetup-profiler-bucket-allocator-block-size=33554432"
    "memorysetup-profiler-bucket-allocator-block-count=8"
    "memorysetup-profiler-allocator-block-size=16777216"
    "memorysetup-profiler-editor-allocator-block-size=1048576"
    "memorysetup-temp-allocator-size-main=16777216"
    "memorysetup-job-temp-allocator-block-size=2097152"
    "memorysetup-job-temp-allocator-block-size-background=1048576"
    "memorysetup-job-temp-allocator-reduction-small-platforms=262144"
    "memorysetup-temp-allocator-size-background-worker=32768"
    "memorysetup-temp-allocator-size-job-worker=262144"
    "memorysetup-temp-allocator-size-preload-manager=33554432"
    "memorysetup-temp-allocator-size-nav-mesh-worker=65536"
    "memorysetup-temp-allocator-size-audio-worker=65536"
    "memorysetup-temp-allocator-size-cloud-worker=32768"
    "memorysetup-temp-allocator-size-gi-baking-worker=262144"
    "memorysetup-temp-allocator-size-gfx=262144"
Refreshing native plugins compatible for Editor in 153.62 ms, found 4 plugins.
Preloading 0 native plugins for Editor in 0.00 ms.
Initialize engine version: 2021.3.4f1 (cb45f9cae8b7)
[Subsystems] Discovering subsystems at path C:/zWork/UnityVersion/Unity 2021.3.4f1/Editor/Data/Resources/UnitySubsystems
[Subsystems] Discovering subsystems at path C:/zWork/UnityGitHub/Deep-Dive/Game/Assets
GfxDevice: creating device client; threaded=0; jobified=0
Direct3D:
    Version:  Direct3D 11.0 [level 11.1]
    Renderer: NVIDIA GeForce RTX 3080 Laptop GPU (ID=0x24dc)
    Vendor:   NVIDIA
    VRAM:     8041 MB
    Driver:   31.0.15.1694
Initialize mono
Mono path[0] = 'C:/zWork/UnityVersion/Unity 2021.3.4f1/Editor/Data/Managed'
Mono path[1] = 'C:/zWork/UnityVersion/Unity 2021.3.4f1/Editor/Data/MonoBleedingEdge/lib/mono/unityjit-win32'
Mono config path = 'C:/zWork/UnityVersion/Unity 2021.3.4f1/Editor/Data/MonoBleedingEdge/etc'
Using monoOptions --debugger-agent=transport=dt_socket,embedding=1,server=y,suspend=n,address=127.0.0.1:56064
Begin MonoManager ReloadAssembly
Registering precompiled unity dll's ...
Register platform support module: C:/zWork/UnityVersion/Unity 2021.3.4f1/Editor/Data/PlaybackEngines/WebGLSupport/UnityEditor.WebGL.Extensions.dll
Register platform support module: C:/zWork/UnityVersion/Unity 2021.3.4f1/Editor/Data/PlaybackEngines/WindowsStandaloneSupport/UnityEditor.WindowsStandalone.Extensions.dll
Registered in 0.007588 seconds.
Native extension for WindowsStandalone target not found
Native extension for WebGL target not found
Refreshing native plugins compatible for Editor in 120.37 ms, found 4 plugins.
Preloading 0 native plugins for Editor in 0.00 ms.
Mono: successfully reloaded assembly
- Completed reload, in  0.729 seconds
Domain Reload Profiling:
	ReloadAssembly (730ms)
		BeginReloadAssembly (71ms)
			ExecutionOrderSort (0ms)
			DisableScriptedObjects (0ms)
			BackupInstance (0ms)
			ReleaseScriptingObjects (0ms)
			CreateAndSetChildDomain (1ms)
		EndReloadAssembly (528ms)
			LoadAssemblies (69ms)
			RebuildTransferFunctionScriptingTraits (0ms)
			SetupTypeCache (123ms)
			ReleaseScriptCaches (0ms)
			RebuildScriptCaches (32ms)
			SetupLoadedEditorAssemblies (318ms)
				LogAssemblyErrors (0ms)
				InitializePlatformSupportModulesInManaged (10ms)
				SetLoadedEditorAssemblies (0ms)
				RefreshPlugins (121ms)
				BeforeProcessingInitializeOnLoad (1ms)
				ProcessInitializeOnLoadAttributes (142ms)
				ProcessInitializeOnLoadMethodAttributes (43ms)
				AfterProcessingInitializeOnLoad (0ms)
				EditorAssembliesLoaded (0ms)
			ExecutionOrderSort2 (0ms)
			AwakeInstancesAfterBackupRestoration (0ms)
Platform modules already initialized, skipping
Registering precompiled user dll's ...
Registered in 0.008822 seconds.
Begin MonoManager ReloadAssembly
Symbol file LoadedFromMemory doesn't match image C:\zWork\UnityGitHub\Deep-Dive\Game\Library\PackageCache\com.unity.visualscripting@1.7.8\Editor\VisualScripting.Core\Dependencies\YamlDotNet\Unity.VisualScripting.YamlDotNet.dll
Symbol file LoadedFromMemory doesn't match image C:\zWork\UnityGitHub\Deep-Dive\Game\Library\PackageCache\com.unity.visualscripting@1.7.8\Editor\VisualScripting.Core\Dependencies\DotNetZip\Unity.VisualScripting.IonicZip.dll
Native extension for WindowsStandalone target not found
Native extension for WebGL target not found
Refreshing native plugins compatible for Editor in 150.23 ms, found 4 plugins.
Preloading 0 native plugins for Editor in 0.00 ms.
Mono: successfully reloaded assembly
- Completed reload, in  1.492 seconds
Domain Reload Profiling:
	ReloadAssembly (1493ms)
		BeginReloadAssembly (110ms)
			ExecutionOrderSort (0ms)
			DisableScriptedObjects (6ms)
			BackupInstance (0ms)
			ReleaseScriptingObjects (0ms)
			CreateAndSetChildDomain (21ms)
		EndReloadAssembly (1250ms)
			LoadAssemblies (91ms)
			RebuildTransferFunctionScriptingTraits (0ms)
			SetupTypeCache (302ms)
			ReleaseScriptCaches (1ms)
			RebuildScriptCaches (83ms)
			SetupLoadedEditorAssemblies (723ms)
				LogAssemblyErrors (0ms)
				InitializePlatformSupportModulesInManaged (6ms)
				SetLoadedEditorAssemblies (0ms)
				RefreshPlugins (150ms)
				BeforeProcessingInitializeOnLoad (154ms)
				ProcessInitializeOnLoadAttributes (318ms)
				ProcessInitializeOnLoadMethodAttributes (88ms)
				AfterProcessingInitializeOnLoad (6ms)
				EditorAssembliesLoaded (0ms)
			ExecutionOrderSort2 (0ms)
			AwakeInstancesAfterBackupRestoration (6ms)
Platform modules already initialized, skipping
========================================================================
Worker process is ready to serve import requests
Launched and connected shader compiler UnityShaderCompiler.exe after 0.03 seconds
Refreshing native plugins compatible for Editor in 1.91 ms, found 4 plugins.
Preloading 0 native plugins for Editor in 0.00 ms.
Unloading 5667 Unused Serialized files (Serialized files now loaded: 0)
Unloading 69 unused Assets / (1.1 MB). Loaded Objects now: 6134.
Memory consumption went from 235.0 MB to 233.9 MB.
Total: 5.625100 ms (FindLiveObjects: 0.609300 ms CreateObjectMapping: 0.552600 ms MarkObjects: 3.903600 ms  DeleteObjects: 0.558800 ms)

AssetImportParameters requested are different than current active one (requested -> active):
  custom:video-decoder-ogg-theora: a1e56fd34408186e4bbccfd4996cb3dc -> 
  custom:container-muxer-webm: aa71ff27fc2769a1b78a27578f13a17b -> 
  custom:container-demuxer-webm: 4f35f7cbe854078d1ac9338744f61a02 -> 
  custom:video-encoder-webm-vp8: eb34c28f22e8b96e1ab97ce403110664 -> 
  custom:audio-encoder-webm-vorbis: bf7c407c2cedff20999df2af8eb42d56 -> 
  custom:framework-win-MediaFoundation: 216162199b28c13a410421893ffa2e32 -> 
  custom:container-demuxer-ogg: 62fdf1f143b41e24485cea50d1cbac27 -> 
  custom:video-decoder-webm-vp8: 9c59270c3fd7afecdb556c50c9e8de78 -> 
  custom:audio-decoder-ogg-vorbis: bf7c407c2cedff20999df2af8eb42d56 -> 
========================================================================
Received Import Request.
  Time since last request: 90939.135287 seconds.
  path: Assets/_Presention/Sprite/rock.png
  artifactKey: Guid(86601af3f52b348418573765d334fbaa) Importer(815301076,1909f56bfc062723c751e8b465ee728b)
Start importing Assets/_Presention/Sprite/rock.png using Guid(86601af3f52b348418573765d334fbaa) Importer(815301076,1909f56bfc062723c751e8b465ee728b)  -> (artifact id: 'cd11d4d6551d02c87c139c4c4dd4f996') in 0.111689 seconds 
========================================================================
Received Import Request.
  Time since last request: 20.121622 seconds.
  path: Assets/_Presention/TestPrefabs/Resource.prefab
  artifactKey: Guid(f093ea216989a6d4ba2a92d22d003f15) Importer(815301076,1909f56bfc062723c751e8b465ee728b)
Start importing Assets/_Presention/TestPrefabs/Resource.prefab using Guid(f093ea216989a6d4ba2a92d22d003f15) Importer(815301076,1909f56bfc062723c751e8b465ee728b)  -> (artifact id: '7351a403847be9e591ca01d7d4591897') in 0.090548 seconds 
========================================================================
Received Import Request.
  Time since last request: 15.551786 seconds.
  path: Assets/_Presention/Sprite/green_-_1.png
  artifactKey: Guid(9866e39b4f747e946828d878facd8eb3) Importer(815301076,1909f56bfc062723c751e8b465ee728b)
Start importing Assets/_Presention/Sprite/green_-_1.png using Guid(9866e39b4f747e946828d878facd8eb3) Importer(815301076,1909f56bfc062723c751e8b465ee728b)  -> (artifact id: '53526a66a7f4e1c73328d437b76c019a') in 0.076410 seconds 
========================================================================
Received Import Request.
  Time since last request: 0.000036 seconds.
  path: Assets/_Presention/Sprite/green_-_3.png
  artifactKey: Guid(cc4d69fe2c7a8854b922a73a8b83513e) Importer(815301076,1909f56bfc062723c751e8b465ee728b)
Start importing Assets/_Presention/Sprite/green_-_3.png using Guid(cc4d69fe2c7a8854b922a73a8b83513e) Importer(815301076,1909f56bfc062723c751e8b465ee728b)  -> (artifact id: '87ecc05e468bd71090f5a4681b415ff3') in 0.057665 seconds 
========================================================================
Received Import Request.
  Time since last request: 0.000028 seconds.
  path: Assets/_Presention/Sprite/stone.png
  artifactKey: Guid(11d3242a6b1aefd48b2ee4677690ebae) Importer(815301076,1909f56bfc062723c751e8b465ee728b)
Start importing Assets/_Presention/Sprite/stone.png using Guid(11d3242a6b1aefd48b2ee4677690ebae) Importer(815301076,1909f56bfc062723c751e8b465ee728b)  -> (artifact id: '734030ffd502ecfef011b577a8a50e5f') in 0.083346 seconds 
========================================================================
Received Import Request.
  Time since last request: 1.284312 seconds.
  path: Assets/_Presention/Sprite/grass1.anim
  artifactKey: Guid(83bfce960dafc1a4b9631a3eba6b3abd) Importer(815301076,1909f56bfc062723c751e8b465ee728b)
Start importing Assets/_Presention/Sprite/grass1.anim using Guid(83bfce960dafc1a4b9631a3eba6b3abd) Importer(815301076,1909f56bfc062723c751e8b465ee728b)  -> (artifact id: '5e54fd752807a37f23691190e7483665') in 0.009215 seconds 
========================================================================
Received Import Request.
  Time since last request: 0.859848 seconds.
  path: Assets/_Presention/Sprite/grass3.anim
  artifactKey: Guid(b8d833583cc453645b046c416ba70c4d) Importer(815301076,1909f56bfc062723c751e8b465ee728b)
Start importing Assets/_Presention/Sprite/grass3.anim using Guid(b8d833583cc453645b046c416ba70c4d) Importer(815301076,1909f56bfc062723c751e8b465ee728b)  -> (artifact id: 'e3864207edbebbb4092eb758a5eb1c92') in 0.011071 seconds 
========================================================================
Received Import Request.
  Time since last request: 27.976801 seconds.
  path: Assets/_Presention/Sprite/LVL/green - 2.png
  artifactKey: Guid(a9723cb935066d64d9dfaf8471ed7650) Importer(815301076,1909f56bfc062723c751e8b465ee728b)
Start importing Assets/_Presention/Sprite/LVL/green - 2.png using Guid(a9723cb935066d64d9dfaf8471ed7650) Importer(815301076,1909f56bfc062723c751e8b465ee728b)  -> (artifact id: 'e39ec29397ef55f95e9d895113fc87eb') in 0.048851 seconds 
========================================================================
Received Import Request.
  Time since last request: 0.000027 seconds.
  path: Assets/_Presention/Sprite/LVL/green - 4.png
  artifactKey: Guid(1d40f1868b129e24699ac4fc47dcd9fd) Importer(815301076,1909f56bfc062723c751e8b465ee728b)
Start importing Assets/_Presention/Sprite/LVL/green - 4.png using Guid(1d40f1868b129e24699ac4fc47dcd9fd) Importer(815301076,1909f56bfc062723c751e8b465ee728b)  -> (artifact id: 'e0d8a666450843259f4334e76cbb07c4') in 0.044494 seconds 
========================================================================
Received Import Request.
  Time since last request: 0.000031 seconds.
  path: Assets/_Presention/Sprite/LVL/stone.png
  artifactKey: Guid(9f64d3f5585293f4cb4a1cabc1725114) Importer(815301076,1909f56bfc062723c751e8b465ee728b)
Start importing Assets/_Presention/Sprite/LVL/stone.png using Guid(9f64d3f5585293f4cb4a1cabc1725114) Importer(815301076,1909f56bfc062723c751e8b465ee728b)  -> (artifact id: '961d7d2a3797b37766c2bdaf0bf7c500') in 0.049299 seconds 
========================================================================
Received Import Request.
  Time since last request: 24.816826 seconds.
  path: Assets/_Presention/Prefabs/Models/submarine_DefaultMaterial_AlbedoTransparency.png
  artifactKey: Guid(c30e860125d52d5449d3435307e4cb10) Importer(815301076,1909f56bfc062723c751e8b465ee728b)
Start importing Assets/_Presention/Prefabs/Models/submarine_DefaultMaterial_AlbedoTransparency.png using Guid(c30e860125d52d5449d3435307e4cb10) Importer(815301076,1909f56bfc062723c751e8b465ee728b)  -> (artifact id: '8c004397aa813c137213d0ed3daba7aa') in 0.473792 seconds 
